2019-03-22 08:27:06 INFO  TestBase:215 - =================================== Starting Serenget Claims Batch ====================================
2019-03-22 08:27:06 INFO  TestBase:215 - Creating object of Chrome
2019-03-22 08:27:10 INFO  TestBase:215 - Chrome object created
2019-03-22 08:27:10 INFO  TestBase:215 - Navigating to https://claims.americanstrategic.com/Home
2019-03-22 08:27:11 INFO  TestBase:215 - Entered username into Claims Login
2019-03-22 08:27:12 INFO  TestBase:215 - Entered password into Claims Login
2019-03-22 08:27:15 INFO  TestBase:215 - Logged into the Claims System
2019-03-22 08:27:15 INFO  TestBase:215 - Navigating to https://claims.americanstrategic.com/Dashboard/Analytics/Home
2019-03-22 08:27:22 INFO  TestBase:215 - Navigating to https://claims.americanstrategic.com/ClaimEntry/Search/?ClaimType=existing
2019-03-22 08:27:23 INFO  TestBase:215 - ============================== Starting Case 2 ==============================
2019-03-22 08:27:23 INFO  TestBase:215 - Entered Claim Number: 495916
2019-03-22 08:27:27 INFO  TestBase:215 - Clicked the "Lookup" button on the Claim Lookup Page
2019-03-22 08:27:29 INFO  TestBase:215 - Clicked New Entry
2019-03-22 08:27:30 INFO  TestBase:215 - Subject Matter: Legal Invoices Recd Selected
2019-03-22 08:27:32 INFO  TestBase:215 - Clicked Save
2019-03-22 08:27:34 INFO  TestBase:215 - Clicked Policy Link
2019-03-22 08:27:34 INFO  TestBase:215 - Clicked Select File on 'Images' Page
2019-03-22 08:27:50 INFO  TestBase:215 - Clicked Upload on 'Images' page
2019-03-22 08:27:56 INFO  TestBase:215 - === uploaded file name: Butler Pappas - 314547.pdf===
2019-03-22 08:27:56 INFO  TestBase:215 - === Check Successful ===
2019-03-22 08:27:56 INFO  TestBase:215 - Navigating to https://claims.americanstrategic.com/ClaimEntry/Search/?ClaimType=existing
2019-03-22 08:27:56 INFO  TestBase:215 - ============================== Starting Case 3 ==============================
2019-03-22 08:27:56 INFO  TestBase:215 - Entered Claim Number: 503877
2019-03-22 08:28:00 INFO  TestBase:215 - Clicked the "Lookup" button on the Claim Lookup Page
2019-03-22 08:28:02 INFO  TestBase:215 - Clicked New Entry
2019-03-22 08:28:03 INFO  TestBase:215 - Subject Matter: Legal Invoices Recd Selected
2019-03-22 08:28:05 INFO  TestBase:215 - Clicked Save
2019-03-22 08:28:06 INFO  TestBase:215 - Clicked Policy Link
2019-03-22 08:28:07 INFO  TestBase:215 - Clicked Select File on 'Images' Page
2019-03-22 08:28:22 INFO  TestBase:215 - Clicked Upload on 'Images' page
2019-03-22 08:28:28 INFO  TestBase:215 - === uploaded file name: Butler Pappas - 313507.pdf===
2019-03-22 08:28:28 INFO  TestBase:215 - === Check Successful ===
2019-03-22 08:28:28 INFO  TestBase:215 - Navigating to https://claims.americanstrategic.com/ClaimEntry/Search/?ClaimType=existing
2019-03-22 08:28:28 INFO  TestBase:215 - ============================== Starting Case 4 ==============================
2019-03-22 08:28:28 INFO  TestBase:215 - Entered Claim Number: 507976
2019-03-22 08:28:33 INFO  TestBase:215 - Clicked the "Lookup" button on the Claim Lookup Page
2019-03-22 08:28:35 INFO  TestBase:215 - Clicked New Entry
2019-03-22 08:28:36 INFO  TestBase:215 - Subject Matter: Legal Invoices Recd Selected
2019-03-22 08:28:38 INFO  TestBase:215 - Clicked Save
2019-03-22 08:28:39 INFO  TestBase:215 - Clicked Policy Link
2019-03-22 08:28:39 INFO  TestBase:215 - Clicked Select File on 'Images' Page
2019-03-22 08:28:55 INFO  TestBase:215 - Clicked Upload on 'Images' page
2019-03-22 08:29:01 INFO  TestBase:215 - === uploaded file name: Butler Pappas - 314660.pdf===
2019-03-22 08:29:01 INFO  TestBase:215 - === Check Successful ===
2019-03-22 08:29:01 INFO  TestBase:215 - Navigating to https://claims.americanstrategic.com/ClaimEntry/Search/?ClaimType=existing
2019-03-22 08:29:01 INFO  TestBase:215 - ============================== Starting Case 5 ==============================
2019-03-22 08:29:01 INFO  TestBase:215 - Entered Claim Number: 508790
2019-03-22 08:29:06 INFO  TestBase:215 - Clicked the "Lookup" button on the Claim Lookup Page
2019-03-22 08:29:08 INFO  TestBase:215 - Clicked New Entry
2019-03-22 08:29:09 INFO  TestBase:215 - Subject Matter: Legal Invoices Recd Selected
2019-03-22 08:29:11 INFO  TestBase:215 - Clicked Save
2019-03-22 08:29:13 INFO  TestBase:215 - Clicked Policy Link
2019-03-22 08:29:13 INFO  TestBase:215 - Clicked Select File on 'Images' Page
2019-03-22 08:29:28 INFO  TestBase:215 - Clicked Upload on 'Images' page
2019-03-22 08:29:34 INFO  TestBase:215 - === uploaded file name: Butler Pappas - 314658.pdf===
2019-03-22 08:29:34 INFO  TestBase:215 - === Check Successful ===
2019-03-22 08:29:34 INFO  TestBase:215 - Navigating to https://claims.americanstrategic.com/ClaimEntry/Search/?ClaimType=existing
2019-03-22 08:29:34 INFO  TestBase:215 - ============================== Starting Case 6 ==============================
2019-03-22 08:29:34 INFO  TestBase:215 - Entered Claim Number: 509699
2019-03-22 08:29:38 INFO  TestBase:215 - Clicked the "Lookup" button on the Claim Lookup Page
2019-03-22 08:29:40 INFO  TestBase:215 - Clicked New Entry
2019-03-22 08:29:42 INFO  TestBase:215 - Subject Matter: Legal Invoices Recd Selected
2019-03-22 08:29:44 INFO  TestBase:215 - Clicked Save
2019-03-22 08:29:45 INFO  TestBase:215 - Clicked Policy Link
2019-03-22 08:29:45 INFO  TestBase:215 - Clicked Select File on 'Images' Page
2019-03-22 08:30:00 INFO  TestBase:215 - Clicked Upload on 'Images' page
2019-03-22 08:30:06 INFO  TestBase:215 - === uploaded file name: Butler Pappas - 313508.pdf===
2019-03-22 08:30:06 INFO  TestBase:215 - === Check Successful ===
2019-03-22 08:30:06 INFO  TestBase:215 - Navigating to https://claims.americanstrategic.com/ClaimEntry/Search/?ClaimType=existing
2019-03-22 08:30:08 INFO  TestBase:215 - ============================== Starting Case 7 ==============================
2019-03-22 08:30:08 INFO  TestBase:215 - Entered Claim Number: 511136
2019-03-22 08:30:12 INFO  TestBase:215 - Clicked the "Lookup" button on the Claim Lookup Page
2019-03-22 08:30:14 INFO  TestBase:215 - Clicked New Entry
2019-03-22 08:30:15 INFO  TestBase:215 - Subject Matter: Legal Invoices Recd Selected
2019-03-22 08:30:17 INFO  TestBase:215 - Clicked Save
2019-03-22 08:30:19 INFO  TestBase:215 - Clicked Policy Link
2019-03-22 08:30:19 INFO  TestBase:215 - Clicked Select File on 'Images' Page
2019-03-22 08:30:34 INFO  TestBase:215 - Clicked Upload on 'Images' page
2019-03-22 08:30:40 INFO  TestBase:215 - === uploaded file name: Butler Pappas - 313522.pdf===
2019-03-22 08:30:40 INFO  TestBase:215 - === Check Successful ===
2019-03-22 08:30:40 INFO  TestBase:215 - Navigating to https://claims.americanstrategic.com/ClaimEntry/Search/?ClaimType=existing
2019-03-22 08:30:40 INFO  TestBase:215 - ============================== Starting Case 8 ==============================
2019-03-22 08:30:40 INFO  TestBase:215 - Entered Claim Number: 517433
2019-03-22 08:30:45 INFO  TestBase:215 - Clicked the "Lookup" button on the Claim Lookup Page
2019-03-22 08:30:47 INFO  TestBase:215 - Clicked New Entry
2019-03-22 08:30:48 INFO  TestBase:215 - Subject Matter: Legal Invoices Recd Selected
2019-03-22 08:30:50 INFO  TestBase:215 - Clicked Save
2019-03-22 08:30:52 INFO  TestBase:215 - Clicked Policy Link
2019-03-22 08:30:52 INFO  TestBase:215 - Clicked Select File on 'Images' Page
2019-03-22 08:31:07 INFO  TestBase:215 - Clicked Upload on 'Images' page
2019-03-22 08:31:13 INFO  TestBase:215 - === uploaded file name: Butler Pappas - 313650.pdf===
2019-03-22 08:31:13 INFO  TestBase:215 - === Check Successful ===
2019-03-22 08:31:13 INFO  TestBase:215 - Navigating to https://claims.americanstrategic.com/ClaimEntry/Search/?ClaimType=existing
2019-03-22 08:31:13 INFO  TestBase:215 - ============================== Starting Case 9 ==============================
2019-03-22 08:31:13 INFO  TestBase:215 - Entered Claim Number: 519365
2019-03-22 08:31:18 INFO  TestBase:215 - Clicked the "Lookup" button on the Claim Lookup Page
2019-03-22 08:31:20 INFO  TestBase:215 - Clicked New Entry
2019-03-22 08:31:21 INFO  TestBase:215 - Subject Matter: Legal Invoices Recd Selected
2019-03-22 08:31:23 INFO  TestBase:215 - Clicked Save
2019-03-22 08:31:24 INFO  TestBase:215 - Clicked Policy Link
2019-03-22 08:31:25 INFO  TestBase:215 - Clicked Select File on 'Images' Page
2019-03-22 08:31:40 INFO  TestBase:215 - Clicked Upload on 'Images' page
2019-03-22 08:31:46 INFO  TestBase:215 - === uploaded file name: Butler Pappas - 313515.pdf===
2019-03-22 08:31:46 INFO  TestBase:215 - === Check Successful ===
2019-03-22 08:31:46 INFO  TestBase:215 - Navigating to https://claims.americanstrategic.com/ClaimEntry/Search/?ClaimType=existing
2019-03-22 08:31:46 INFO  TestBase:215 - ============================== Starting Case 10 ==============================
2019-03-22 08:31:46 INFO  TestBase:215 - Entered Claim Number: 520438
2019-03-22 08:31:51 INFO  TestBase:215 - Clicked the "Lookup" button on the Claim Lookup Page
2019-03-22 08:31:52 INFO  TestBase:215 - Clicked New Entry
2019-03-22 08:31:54 INFO  TestBase:215 - Subject Matter: Legal Invoices Recd Selected
2019-03-22 08:31:56 INFO  TestBase:215 - Clicked Save
2019-03-22 08:31:57 INFO  TestBase:215 - Clicked Policy Link
2019-03-22 08:31:57 INFO  TestBase:215 - Clicked Select File on 'Images' Page
2019-03-22 08:32:12 INFO  TestBase:215 - Clicked Upload on 'Images' page
2019-03-22 08:32:17 INFO  TestBase:215 - =========== Case 10 failed to upload pdf file: Butler Pappas - 308017 ===========
2019-03-22 08:32:17 INFO  TestBase:215 - Navigating to https://claims.americanstrategic.com/ClaimEntry/Search/?ClaimType=existing
2019-03-22 08:32:17 INFO  TestBase:215 - ============================== Starting Case 11 ==============================
2019-03-22 08:32:18 INFO  TestBase:215 - Entered Claim Number: 538700
2019-03-22 08:32:22 INFO  TestBase:215 - Clicked the "Lookup" button on the Claim Lookup Page
2019-03-22 08:32:23 INFO  TestBase:215 - Clicked New Entry
2019-03-22 08:32:25 INFO  TestBase:215 - Subject Matter: Legal Invoices Recd Selected
2019-03-22 08:32:26 INFO  TestBase:215 - Clicked Save
2019-03-22 08:32:28 INFO  TestBase:215 - Clicked Policy Link
2019-03-22 08:32:28 INFO  TestBase:215 - Clicked Select File on 'Images' Page
2019-03-22 08:32:43 INFO  TestBase:215 - Clicked Upload on 'Images' page
2019-03-22 08:32:49 INFO  TestBase:215 - === uploaded file name: Butler Pappas - 314662.pdf===
2019-03-22 08:32:49 INFO  TestBase:215 - === Check Successful ===
2019-03-22 08:32:49 INFO  TestBase:215 - Navigating to https://claims.americanstrategic.com/ClaimEntry/Search/?ClaimType=existing
2019-03-22 08:32:49 INFO  TestBase:215 - ============================== Starting Case 12 ==============================
2019-03-22 08:32:49 INFO  TestBase:215 - Entered Claim Number: 565684
2019-03-22 08:32:53 INFO  TestBase:215 - Clicked the "Lookup" button on the Claim Lookup Page
2019-03-22 08:32:55 INFO  TestBase:215 - Clicked New Entry
2019-03-22 08:32:57 INFO  TestBase:215 - Subject Matter: Legal Invoices Recd Selected
2019-03-22 08:32:58 INFO  TestBase:215 - Clicked Save
2019-03-22 08:33:00 INFO  TestBase:215 - Clicked Policy Link
2019-03-22 08:33:00 INFO  TestBase:215 - Clicked Select File on 'Images' Page
2019-03-22 08:33:15 INFO  TestBase:215 - Clicked Upload on 'Images' page
2019-03-22 08:33:21 INFO  TestBase:215 - === uploaded file name: Butler Pappas - 313523.pdf===
2019-03-22 08:33:21 INFO  TestBase:215 - === Check Successful ===
2019-03-22 08:33:22 INFO  TestBase:215 - =================================== End Hancock Claims Batch =========================================
2019-03-22 09:47:34 INFO  TestBase:215 - =================================== Starting Serenget Claims Batch ====================================
2019-03-22 09:47:34 INFO  TestBase:215 - Creating object of Chrome
